app/build/intermediates/manifest_merge_blame_file/debug/manifest-merger-blame-debug-report.txt
1<?xml version="1.0" encoding="utf-8"?>
2<manifest xmlns:android="http://schemas.android.com/apk/res/android"
3    package="com.toni.notes"
4    android:versionCode="1"
5    android:versionName="1.0" >
6
7    <uses-sdk
8        android:minSdkVersion="16"
8-->src\main\AndroidManifest.xml
9        android:targetSdkVersion="29" />
9-->src\main\AndroidManifest.xml
10
11    <!-- Include required permissions for Google Mobile Ads to run -->
12    <uses-permission android:name="android.permission.INTERNET" />
12-->[com.google.android.gms:play-services-ads-lite:19.6.0] AndroidManifest.xml:23:5-67
12-->[com.google.android.gms:play-services-ads-lite:19.6.0] AndroidManifest.xml:23:22-64
13    <uses-permission android:name="android.permission.ACCESS_NETWORK_STATE" /> <!-- Android package visibility setting -->
13-->[com.google.android.gms:play-services-ads-lite:19.6.0] AndroidManifest.xml:24:5-79
13-->[com.google.android.gms:play-services-ads-lite:19.6.0] AndroidManifest.xml:24:22-76
14    <queries>
14-->[com.google.android.gms:play-services-ads-lite:19.6.0] AndroidManifest.xml:27:5-38:15
15
16        <!-- For browser content -->
17        <intent>
17-->[com.google.android.gms:play-services-ads-lite:19.6.0] AndroidManifest.xml:30:9-36:18
18            <action android:name="android.intent.action.VIEW" />
18-->[com.google.android.gms:play-services-ads-lite:19.6.0] AndroidManifest.xml:31:13-65
18-->[com.google.android.gms:play-services-ads-lite:19.6.0] AndroidManifest.xml:31:21-62
19
20            <category android:name="android.intent.category.BROWSABLE" />
20-->[com.google.android.gms:play-services-ads-lite:19.6.0] AndroidManifest.xml:33:13-74
20-->[com.google.android.gms:play-services-ads-lite:19.6.0] AndroidManifest.xml:33:23-71
21
22            <data android:scheme="https" />
22-->[com.google.android.gms:play-services-ads-lite:19.6.0] AndroidManifest.xml:35:13-44
22-->[com.google.android.gms:play-services-ads-lite:19.6.0] AndroidManifest.xml:35:19-41
23        </intent>
24        <!-- End of browser content -->
25    </queries>
26
27    <uses-permission android:name="android.permission.WAKE_LOCK" />
27-->[com.google.android.gms:play-services-measurement-sdk-api:17.5.0] AndroidManifest.xml:25:5-68
27-->[com.google.android.gms:play-services-measurement-sdk-api:17.5.0] AndroidManifest.xml:25:22-65
28    <uses-permission android:name="android.permission.RECEIVE_BOOT_COMPLETED" />
28-->[androidx.work:work-runtime:2.1.0] AndroidManifest.xml:27:5-81
28-->[androidx.work:work-runtime:2.1.0] AndroidManifest.xml:27:22-78
29
30    <application
30-->src\main\AndroidManifest.xml:5:5-26:19
31        android:allowBackup="true"
31-->src\main\AndroidManifest.xml:6:9-35
32        android:appComponentFactory="androidx.core.app.CoreComponentFactory"
32-->[androidx.core:core:1.3.1] AndroidManifest.xml:24:18-86
33        android:debuggable="true"
34        android:icon="@mipmap/ic_launcher"
34-->src\main\AndroidManifest.xml:7:9-43
35        android:label="@string/app_name"
35-->src\main\AndroidManifest.xml:8:9-41
36        android:roundIcon="@mipmap/ic_launcher_round"
36-->src\main\AndroidManifest.xml:9:9-54
37        android:supportsRtl="true"
37-->src\main\AndroidManifest.xml:10:9-35
38        android:testOnly="true"
39        android:theme="@style/Theme.Notes" >
39-->src\main\AndroidManifest.xml:11:9-43
40        <activity android:name="com.toni.notes.notes.NotesActivity" />
40-->src\main\AndroidManifest.xml:12:9-57
40-->src\main\AndroidManifest.xml:12:19-54
41        <activity android:name="com.toni.notes.LoginActivity" />
41-->src\main\AndroidManifest.xml:13:9-50
41-->src\main\AndroidManifest.xml:13:19-48
42        <activity android:name="com.toni.notes.SplashActivity" >
42-->src\main\AndroidManifest.xml:14:9-19:20
42-->src\main\AndroidManifest.xml:14:19-49
43            <intent-filter>
43-->src\main\AndroidManifest.xml:15:13-18:29
44                <action android:name="android.intent.action.MAIN" />
44-->src\main\AndroidManifest.xml:16:17-69
44-->src\main\AndroidManifest.xml:16:25-66
45
46                <category android:name="android.intent.category.LAUNCHER" />
46-->src\main\AndroidManifest.xml:17:17-77
46-->src\main\AndroidManifest.xml:17:27-74
47            </intent-filter>
48        </activity>
49        <activity android:name="com.toni.notes.notes.DetailNoteActivity" />
49-->src\main\AndroidManifest.xml:20:9-62
49-->src\main\AndroidManifest.xml:20:19-59
50        <activity android:name="com.toni.notes.services.Service" />
50-->src\main\AndroidManifest.xml:21:9-54
50-->src\main\AndroidManifest.xml:21:19-51
51        <!-- AdMob settings -->
52        <meta-data
52-->src\main\AndroidManifest.xml:23:9-25:69
53            android:name="com.google.android.gms.ads.APPLICATION_ID"
53-->src\main\AndroidManifest.xml:24:13-69
54            android:value="ca-app-pub-3168482358398539~9545899526" />
54-->src\main\AndroidManifest.xml:25:13-67
55        <!-- Include the AdActivity and InAppPurchaseActivity configChanges and themes. -->
56        <activity
56-->[com.google.android.gms:play-services-ads-lite:19.6.0] AndroidManifest.xml:43:9-47:64
57            android:name="com.google.android.gms.ads.AdActivity"
57-->[com.google.android.gms:play-services-ads-lite:19.6.0] AndroidManifest.xml:44:13-65
58            android:configChanges="keyboard|keyboardHidden|orientation|screenLayout|uiMode|screenSize|smallestScreenSize"
58-->[com.google.android.gms:play-services-ads-lite:19.6.0] AndroidManifest.xml:45:13-122
59            android:exported="false"
59-->[com.google.android.gms:play-services-ads-lite:19.6.0] AndroidManifest.xml:46:13-37
60            android:theme="@android:style/Theme.Translucent" />
60-->[com.google.android.gms:play-services-ads-lite:19.6.0] AndroidManifest.xml:47:13-61
61
62        <provider
62-->[com.google.android.gms:play-services-ads-lite:19.6.0] AndroidManifest.xml:49:9-53:39
63            android:name="com.google.android.gms.ads.MobileAdsInitProvider"
63-->[com.google.android.gms:play-services-ads-lite:19.6.0] AndroidManifest.xml:50:13-76
64            android:authorities="com.toni.notes.mobileadsinitprovider"
64-->[com.google.android.gms:play-services-ads-lite:19.6.0] AndroidManifest.xml:51:13-73
65            android:exported="false"
65-->[com.google.android.gms:play-services-ads-lite:19.6.0] AndroidManifest.xml:52:13-37
66            android:initOrder="100" />
66-->[com.google.android.gms:play-services-ads-lite:19.6.0] AndroidManifest.xml:53:13-36
67
68        <service
68-->[com.google.android.gms:play-services-ads-lite:19.6.0] AndroidManifest.xml:55:9-58:40
69            android:name="com.google.android.gms.ads.AdService"
69-->[com.google.android.gms:play-services-ads-lite:19.6.0] AndroidManifest.xml:56:13-64
70            android:enabled="true"
70-->[com.google.android.gms:play-services-ads-lite:19.6.0] AndroidManifest.xml:57:13-35
71            android:exported="false" />
71-->[com.google.android.gms:play-services-ads-lite:19.6.0] AndroidManifest.xml:58:13-37
72
73        <meta-data
73-->[com.google.android.gms:play-services-basement:17.3.0] AndroidManifest.xml:23:9-25:69
74            android:name="com.google.android.gms.version"
74-->[com.google.android.gms:play-services-basement:17.3.0] AndroidManifest.xml:24:13-58
75            android:value="@integer/google_play_services_version" />
75-->[com.google.android.gms:play-services-basement:17.3.0] AndroidManifest.xml:25:13-66
76
77        <provider
77-->[androidx.work:work-runtime:2.1.0] AndroidManifest.xml:30:9-36:35
78            android:name="androidx.work.impl.WorkManagerInitializer"
78-->[androidx.work:work-runtime:2.1.0] AndroidManifest.xml:31:13-69
79            android:authorities="com.toni.notes.workmanager-init"
79-->[androidx.work:work-runtime:2.1.0] AndroidManifest.xml:32:13-68
80            android:directBootAware="false"
80-->[androidx.work:work-runtime:2.1.0] AndroidManifest.xml:33:13-44
81            android:exported="false"
81-->[androidx.work:work-runtime:2.1.0] AndroidManifest.xml:34:13-37
82            android:multiprocess="true" />
82-->[androidx.work:work-runtime:2.1.0] AndroidManifest.xml:35:13-40
83
84        <service
84-->[androidx.work:work-runtime:2.1.0] AndroidManifest.xml:38:9-43:35
85            android:name="androidx.work.impl.background.systemalarm.SystemAlarmService"
85-->[androidx.work:work-runtime:2.1.0] AndroidManifest.xml:39:13-88
86            android:directBootAware="false"
86-->[androidx.work:work-runtime:2.1.0] AndroidManifest.xml:40:13-44
87            android:enabled="@bool/enable_system_alarm_service_default"
87-->[androidx.work:work-runtime:2.1.0] AndroidManifest.xml:41:13-72
88            android:exported="false" />
88-->[androidx.work:work-runtime:2.1.0] AndroidManifest.xml:42:13-37
89        <service
89-->[androidx.work:work-runtime:2.1.0] AndroidManifest.xml:44:9-50:35
90            android:name="androidx.work.impl.background.systemjob.SystemJobService"
90-->[androidx.work:work-runtime:2.1.0] AndroidManifest.xml:45:13-84
91            android:directBootAware="false"
91-->[androidx.work:work-runtime:2.1.0] AndroidManifest.xml:46:13-44
92            android:enabled="@bool/enable_system_job_service_default"
92-->[androidx.work:work-runtime:2.1.0] AndroidManifest.xml:47:13-70
93            android:exported="true"
93-->[androidx.work:work-runtime:2.1.0] AndroidManifest.xml:48:13-36
94            android:permission="android.permission.BIND_JOB_SERVICE" />
94-->[androidx.work:work-runtime:2.1.0] AndroidManifest.xml:49:13-69
95
96        <receiver
96-->[androidx.work:work-runtime:2.1.0] AndroidManifest.xml:52:9-57:35
97            android:name="androidx.work.impl.utils.ForceStopRunnable$BroadcastReceiver"
97-->[androidx.work:work-runtime:2.1.0] AndroidManifest.xml:53:13-88
98            android:directBootAware="false"
98-->[androidx.work:work-runtime:2.1.0] AndroidManifest.xml:54:13-44
99            android:enabled="true"
99-->[androidx.work:work-runtime:2.1.0] AndroidManifest.xml:55:13-35
100            android:exported="false" />
100-->[androidx.work:work-runtime:2.1.0] AndroidManifest.xml:56:13-37
101        <receiver
101-->[androidx.work:work-runtime:2.1.0] AndroidManifest.xml:58:9-68:20
102            android:name="androidx.work.impl.background.systemalarm.ConstraintProxy$BatteryChargingProxy"
102-->[androidx.work:work-runtime:2.1.0] AndroidManifest.xml:59:13-106
103            android:directBootAware="false"
103-->[androidx.work:work-runtime:2.1.0] AndroidManifest.xml:60:13-44
104            android:enabled="false"
104-->[androidx.work:work-runtime:2.1.0] AndroidManifest.xml:61:13-36
105            android:exported="false" >
105-->[androidx.work:work-runtime:2.1.0] AndroidManifest.xml:62:13-37
106            <intent-filter>
106-->[androidx.work:work-runtime:2.1.0] AndroidManifest.xml:64:13-67:29
107                <action android:name="android.intent.action.ACTION_POWER_CONNECTED" />
107-->[androidx.work:work-runtime:2.1.0] AndroidManifest.xml:65:17-87
107-->[androidx.work:work-runtime:2.1.0] AndroidManifest.xml:65:25-84
108                <action android:name="android.intent.action.ACTION_POWER_DISCONNECTED" />
108-->[androidx.work:work-runtime:2.1.0] AndroidManifest.xml:66:17-90
108-->[androidx.work:work-runtime:2.1.0] AndroidManifest.xml:66:25-87
109            </intent-filter>
110        </receiver>
111        <receiver
111-->[androidx.work:work-runtime:2.1.0] AndroidManifest.xml:69:9-79:20
112            android:name="androidx.work.impl.background.systemalarm.ConstraintProxy$BatteryNotLowProxy"
112-->[androidx.work:work-runtime:2.1.0] AndroidManifest.xml:70:13-104
113            android:directBootAware="false"
113-->[androidx.work:work-runtime:2.1.0] AndroidManifest.xml:71:13-44
114            android:enabled="false"
114-->[androidx.work:work-runtime:2.1.0] AndroidManifest.xml:72:13-36
115            android:exported="false" >
115-->[androidx.work:work-runtime:2.1.0] AndroidManifest.xml:73:13-37
116            <intent-filter>
116-->[androidx.work:work-runtime:2.1.0] AndroidManifest.xml:75:13-78:29
117                <action android:name="android.intent.action.BATTERY_OKAY" />
117-->[androidx.work:work-runtime:2.1.0] AndroidManifest.xml:76:17-77
117-->[androidx.work:work-runtime:2.1.0] AndroidManifest.xml:76:25-74
118                <action android:name="android.intent.action.BATTERY_LOW" />
118-->[androidx.work:work-runtime:2.1.0] AndroidManifest.xml:77:17-76
118-->[androidx.work:work-runtime:2.1.0] AndroidManifest.xml:77:25-73
119            </intent-filter>
120        </receiver>
121        <receiver
121-->[androidx.work:work-runtime:2.1.0] AndroidManifest.xml:80:9-90:20
122            android:name="androidx.work.impl.background.systemalarm.ConstraintProxy$StorageNotLowProxy"
122-->[androidx.work:work-runtime:2.1.0] AndroidManifest.xml:81:13-104
123            android:directBootAware="false"
123-->[androidx.work:work-runtime:2.1.0] AndroidManifest.xml:82:13-44
124            android:enabled="false"
124-->[androidx.work:work-runtime:2.1.0] AndroidManifest.xml:83:13-36
125            android:exported="false" >
125-->[androidx.work:work-runtime:2.1.0] AndroidManifest.xml:84:13-37
126            <intent-filter>
126-->[androidx.work:work-runtime:2.1.0] AndroidManifest.xml:86:13-89:29
127                <action android:name="android.intent.action.DEVICE_STORAGE_LOW" />
127-->[androidx.work:work-runtime:2.1.0] AndroidManifest.xml:87:17-83
127-->[androidx.work:work-runtime:2.1.0] AndroidManifest.xml:87:25-80
128                <action android:name="android.intent.action.DEVICE_STORAGE_OK" />
128-->[androidx.work:work-runtime:2.1.0] AndroidManifest.xml:88:17-82
128-->[androidx.work:work-runtime:2.1.0] AndroidManifest.xml:88:25-79
129            </intent-filter>
130        </receiver>
131        <receiver
131-->[androidx.work:work-runtime:2.1.0] AndroidManifest.xml:91:9-100:20
132            android:name="androidx.work.impl.background.systemalarm.ConstraintProxy$NetworkStateProxy"
132-->[androidx.work:work-runtime:2.1.0] AndroidManifest.xml:92:13-103
133            android:directBootAware="false"
133-->[androidx.work:work-runtime:2.1.0] AndroidManifest.xml:93:13-44
134            android:enabled="false"
134-->[androidx.work:work-runtime:2.1.0] AndroidManifest.xml:94:13-36
135            android:exported="false" >
135-->[androidx.work:work-runtime:2.1.0] AndroidManifest.xml:95:13-37
136            <intent-filter>
136-->[androidx.work:work-runtime:2.1.0] AndroidManifest.xml:97:13-99:29
137                <action android:name="android.net.conn.CONNECTIVITY_CHANGE" />
137-->[androidx.work:work-runtime:2.1.0] AndroidManifest.xml:98:17-79
137-->[androidx.work:work-runtime:2.1.0] AndroidManifest.xml:98:25-76
138            </intent-filter>
139        </receiver>
140        <receiver
140-->[androidx.work:work-runtime:2.1.0] AndroidManifest.xml:101:9-112:20
141            android:name="androidx.work.impl.background.systemalarm.RescheduleReceiver"
141-->[androidx.work:work-runtime:2.1.0] AndroidManifest.xml:102:13-88
142            android:directBootAware="false"
142-->[androidx.work:work-runtime:2.1.0] AndroidManifest.xml:103:13-44
143            android:enabled="false"
143-->[androidx.work:work-runtime:2.1.0] AndroidManifest.xml:104:13-36
144            android:exported="false" >
144-->[androidx.work:work-runtime:2.1.0] AndroidManifest.xml:105:13-37
145            <intent-filter>
145-->[androidx.work:work-runtime:2.1.0] AndroidManifest.xml:107:13-111:29
146                <action android:name="android.intent.action.BOOT_COMPLETED" />
146-->[androidx.work:work-runtime:2.1.0] AndroidManifest.xml:108:17-79
146-->[androidx.work:work-runtime:2.1.0] AndroidManifest.xml:108:25-76
147                <action android:name="android.intent.action.TIME_SET" />
147-->[androidx.work:work-runtime:2.1.0] AndroidManifest.xml:109:17-73
147-->[androidx.work:work-runtime:2.1.0] AndroidManifest.xml:109:25-70
148                <action android:name="android.intent.action.TIMEZONE_CHANGED" />
148-->[androidx.work:work-runtime:2.1.0] AndroidManifest.xml:110:17-81
148-->[androidx.work:work-runtime:2.1.0] AndroidManifest.xml:110:25-78
149            </intent-filter>
150        </receiver>
151        <receiver
151-->[androidx.work:work-runtime:2.1.0] AndroidManifest.xml:113:9-122:20
152            android:name="androidx.work.impl.background.systemalarm.ConstraintProxyUpdateReceiver"
152-->[androidx.work:work-runtime:2.1.0] AndroidManifest.xml:114:13-99
153            android:directBootAware="false"
153-->[androidx.work:work-runtime:2.1.0] AndroidManifest.xml:115:13-44
154            android:enabled="@bool/enable_system_alarm_service_default"
154-->[androidx.work:work-runtime:2.1.0] AndroidManifest.xml:116:13-72
155            android:exported="false" >
155-->[androidx.work:work-runtime:2.1.0] AndroidManifest.xml:117:13-37
156            <intent-filter>
156-->[androidx.work:work-runtime:2.1.0] AndroidManifest.xml:119:13-121:29
157                <action android:name="androidx.work.impl.background.systemalarm.UpdateProxies" />
157-->[androidx.work:work-runtime:2.1.0] AndroidManifest.xml:120:17-98
157-->[androidx.work:work-runtime:2.1.0] AndroidManifest.xml:120:25-95
158            </intent-filter>
159        </receiver>
160
161        <service
161-->[androidx.room:room-runtime:2.1.0] AndroidManifest.xml:25:9-27:40
162            android:name="androidx.room.MultiInstanceInvalidationService"
162-->[androidx.room:room-runtime:2.1.0] AndroidManifest.xml:26:13-74
163            android:exported="false" />
163-->[androidx.room:room-runtime:2.1.0] AndroidManifest.xml:27:13-37
164    </application>
165
166</manifest>